  [1m[35m (518.8ms)[0m  [1m[35mCREATE DATABASE "animals_api_development" ENCODING = 'unicode'[0m
  [1m[35m (116.1ms)[0m  [1m[35mCREATE DATABASE "animals_api_test" ENCODING = 'unicode'[0m
  [1m[35m (49.7ms)[0m  [1m[35mCREATE TABLE "schema_migrations" ("version" character varying NOT NULL PRIMARY KEY)[0m
  [1m[35m (9.6ms)[0m  [1m[35mCREATE TABLE "ar_internal_metadata" ("key" character varying NOT NULL PRIMARY KEY, "value" character varying, "created_at" timestamp(6) NOT NULL, "updated_at" timestamp(6) NOT NULL)[0m
  [1m[35m (2.8ms)[0m  [1m[34mSELECT pg_try_advisory_lock(3736930243202840565)[0m
  [1m[35m (1.1ms)[0m  [1m[34mSELECT "schema_migrations"."version" FROM "schema_migrations" ORDER BY "schema_migrations"."version" ASC[0m
Migrating to CreateAnimals (20200803205620)
  [1m[35m (0.6ms)[0m  [1m[35mBEGIN[0m
  [1m[35m (46.7ms)[0m  [1m[35mCREATE TABLE "animals" ("id" bigserial primary key, "species" character varying, "name" character varying, "count" integer, "habitat" character varying, "img" character varying, "critical" boolean, "rise" boolean, "created_at" timestamp(6) NOT NULL, "updated_at" timestamp(6) NOT NULL, "description" character varying)[0m
  [1m[36mprimary::SchemaMigration Create (6.0ms)[0m  [1m[32mINSERT INTO "schema_migrations" ("version") VALUES ($1) RETURNING "version"[0m  [["version", "20200803205620"]]
  [1m[35m (4.3ms)[0m  [1m[35mCOMMIT[0m
Migrating to CreateUsers (20200803205755)
  [1m[35m (1.4ms)[0m  [1m[35mBEGIN[0m
  [1m[35m (6.0ms)[0m  [1m[35mCREATE TABLE "users" ("id" bigserial primary key, "first" character varying, "last" character varying, "state" character varying, "username" character varying, "password_digest" character varying, "bio" character varying, "created_at" timestamp(6) NOT NULL, "updated_at" timestamp(6) NOT NULL)[0m
  [1m[36mprimary::SchemaMigration Create (0.4ms)[0m  [1m[32mINSERT INTO "schema_migrations" ("version") VALUES ($1) RETURNING "version"[0m  [["version", "20200803205755"]]
  [1m[35m (7.7ms)[0m  [1m[35mCOMMIT[0m
Migrating to CreateSightings (20200803205811)
  [1m[35m (1.2ms)[0m  [1m[35mBEGIN[0m
  [1m[35m (40.4ms)[0m  [1m[35mCREATE TABLE "sightings" ("id" bigserial primary key, "animal_id" integer, "user_id" integer, "state" character varying, "city" character varying, "zipcode" integer, "address" character varying, "lat" integer, "long" integer, "created_at" timestamp(6) NOT NULL, "updated_at" timestamp(6) NOT NULL)[0m
  [1m[36mprimary::SchemaMigration Create (1.5ms)[0m  [1m[32mINSERT INTO "schema_migrations" ("version") VALUES ($1) RETURNING "version"[0m  [["version", "20200803205811"]]
  [1m[35m (5.5ms)[0m  [1m[35mCOMMIT[0m
Migrating to CreateStates (20200803205821)
  [1m[35m (0.4ms)[0m  [1m[35mBEGIN[0m
  [1m[35m (10.8ms)[0m  [1m[35mCREATE TABLE "states" ("id" bigserial primary key, "animal_id" integer, "organization_id" integer, "state" character varying, "short" character varying, "created_at" timestamp(6) NOT NULL, "updated_at" timestamp(6) NOT NULL)[0m
  [1m[36mprimary::SchemaMigration Create (0.4ms)[0m  [1m[32mINSERT INTO "schema_migrations" ("version") VALUES ($1) RETURNING "version"[0m  [["version", "20200803205821"]]
  [1m[35m (1.1ms)[0m  [1m[35mCOMMIT[0m
Migrating to CreateOrganizations (20200803205840)
  [1m[35m (0.7ms)[0m  [1m[35mBEGIN[0m
  [1m[35m (4.1ms)[0m  [1m[35mCREATE TABLE "organizations" ("id" bigserial primary key, "name" character varying, "mission" character varying, "since" integer, "rating" character varying, "created_at" timestamp(6) NOT NULL, "updated_at" timestamp(6) NOT NULL)[0m
  [1m[36mprimary::SchemaMigration Create (0.4ms)[0m  [1m[32mINSERT INTO "schema_migrations" ("version") VALUES ($1) RETURNING "version"[0m  [["version", "20200803205840"]]
  [1m[35m (0.4ms)[0m  [1m[35mCOMMIT[0m
Migrating to CreateBackings (20200803205853)
  [1m[35m (0.8ms)[0m  [1m[35mBEGIN[0m
  [1m[35m (10.4ms)[0m  [1m[35mCREATE TABLE "backings" ("id" bigserial primary key, "user_id" integer, "organization_id" integer, "comments" character varying, "created_at" timestamp(6) NOT NULL, "updated_at" timestamp(6) NOT NULL)[0m
  [1m[36mprimary::SchemaMigration Create (0.3ms)[0m  [1m[32mINSERT INTO "schema_migrations" ("version") VALUES ($1) RETURNING "version"[0m  [["version", "20200803205853"]]
  [1m[35m (29.0ms)[0m  [1m[35mCOMMIT[0m
  [1m[36mActiveRecord::InternalMetadata Load (2.7ms)[0m  [1m[34mSELECT "ar_internal_metadata".* FROM "ar_internal_metadata" WHERE "ar_internal_metadata"."key" = $1 LIMIT $2[0m  [["key", "environment"], ["LIMIT", 1]]
  [1m[35m (0.2ms)[0m  [1m[35mBEGIN[0m
  [1m[36mActiveRecord::InternalMetadata Create (4.5ms)[0m  [1m[32mINSERT INTO "ar_internal_metadata" ("key", "value", "created_at", "updated_at") VALUES ($1, $2, $3, $4) RETURNING "key"[0m  [["key", "environment"], ["value", "development"], ["created_at", "2020-08-03 21:42:49.128434"], ["updated_at", "2020-08-03 21:42:49.128434"]]
  [1m[35m (3.4ms)[0m  [1m[35mCOMMIT[0m
  [1m[35m (0.6ms)[0m  [1m[34mSELECT pg_advisory_unlock(3736930243202840565)[0m
  [1m[35m (1.1ms)[0m  [1m[34mSELECT "schema_migrations"."version" FROM "schema_migrations" ORDER BY "schema_migrations"."version" ASC[0m
